
**** 04/15/21 12:14:24 *********** Evaluation PSpice (Nov 1999) **************

 Circuit R-L serie


 ****     CIRCUIT DESCRIPTION


******************************************************************************



Vin 1 0 AC 1
R1 1 2 10
L1 2 0 10m
.AC LIN 1 100 100
.PRINT AC I(R1) IP(R1) IR(R1) II(R1)
.END

**** 04/15/21 12:14:24 *********** Evaluation PSpice (Nov 1999) **************

 Circuit R-L serie


 ****     SMALL SIGNAL BIAS SOLUTION       TEMPERATURE =   27.000 DEG C


******************************************************************************



 NODE   VOLTAGE     NODE   VOLTAGE     NODE   VOLTAGE     NODE   VOLTAGE


(    1)    0.0000  (    2)    0.0000  




    VOLTAGE SOURCE CURRENTS
    NAME         CURRENT

    Vin          0.000E+00

    TOTAL POWER DISSIPATION   0.00E+00  WATTS


**** 04/15/21 12:14:24 *********** Evaluation PSpice (Nov 1999) **************

 Circuit R-L serie


 ****     AC ANALYSIS                      TEMPERATURE =   27.000 DEG C


******************************************************************************



  FREQ        I(R1)       IP(R1)      IR(R1)      II(R1)      


   1.000E+02   8.467E-02  -3.214E+01   7.170E-02  -4.505E-02


          JOB CONCLUDED

          TOTAL JOB TIME             .03
