
**** 04/15/21 12:30:14 *********** Evaluation PSpice (Nov 1999) **************

 Transfer maxim de putere


 ****     CIRCUIT DESCRIPTION


******************************************************************************



VIN 1 0 AC 10
RI 1 2 10
LI 2 3 25.33M
RL 3 4 10
CL 4 0 1U
.AC LIN 1 1K 1K
.PRINT AC I(RL) IP(RL)
.END

**** 04/15/21 12:30:14 *********** Evaluation PSpice (Nov 1999) **************

 Transfer maxim de putere


 ****     SMALL SIGNAL BIAS SOLUTION       TEMPERATURE =   27.000 DEG C


******************************************************************************



 NODE   VOLTAGE     NODE   VOLTAGE     NODE   VOLTAGE     NODE   VOLTAGE


(    1)    0.0000  (    2)    0.0000  (    3)    0.0000  (    4)    0.0000  




    VOLTAGE SOURCE CURRENTS
    NAME         CURRENT

    VIN          0.000E+00

    TOTAL POWER DISSIPATION   0.00E+00  WATTS


**** 04/15/21 12:30:14 *********** Evaluation PSpice (Nov 1999) **************

 Transfer maxim de putere


 ****     AC ANALYSIS                      TEMPERATURE =   27.000 DEG C


******************************************************************************



  FREQ        I(RL)       IP(RL)      


   1.000E+03   5.000E-01   5.326E-03


          JOB CONCLUDED

          TOTAL JOB TIME            0.00
