
**** 04/15/21 12:34:02 *********** Evaluation PSpice (Nov 1999) **************

 Rezonanta serie


 ****     CIRCUIT DESCRIPTION


******************************************************************************



Vin 1 0 AC 1
R 1 2 100
L 2 3 25.33m
C 3 0 1u
.AC LIN 1000 100Hz 10kHz
.PROBE
.END

**** 04/15/21 12:34:02 *********** Evaluation PSpice (Nov 1999) **************

 Rezonanta serie


 ****     SMALL SIGNAL BIAS SOLUTION       TEMPERATURE =   27.000 DEG C


******************************************************************************



 NODE   VOLTAGE     NODE   VOLTAGE     NODE   VOLTAGE     NODE   VOLTAGE


(    1)    0.0000  (    2)    0.0000  (    3)    0.0000  




    VOLTAGE SOURCE CURRENTS
    NAME         CURRENT

    Vin          0.000E+00

    TOTAL POWER DISSIPATION   0.00E+00  WATTS



          JOB CONCLUDED

          TOTAL JOB TIME             .03
