
**** 04/15/21 12:54:53 *********** Evaluation PSpice (Nov 1999) **************

 Filtru trece-jos


 ****     CIRCUIT DESCRIPTION


******************************************************************************



Vin 1 0 AC 1
R 2 0 10k
C 1 2 10nF
.AC DEC 10 1hz 1meghz
.PROBE
.END

**** 04/15/21 12:54:53 *********** Evaluation PSpice (Nov 1999) **************

 Filtru trece-jos


 ****     SMALL SIGNAL BIAS SOLUTION       TEMPERATURE =   27.000 DEG C


******************************************************************************



 NODE   VOLTAGE     NODE   VOLTAGE     NODE   VOLTAGE     NODE   VOLTAGE


(    1)    0.0000  (    2)    0.0000  




    VOLTAGE SOURCE CURRENTS
    NAME         CURRENT

    Vin          0.000E+00

    TOTAL POWER DISSIPATION   0.00E+00  WATTS



          JOB CONCLUDED

          TOTAL JOB TIME             .02
