
**** 04/15/21 14:56:10 *********** Evaluation PSpice (Nov 1999) **************

 Problema 1.3


 ****     CIRCUIT DESCRIPTION


******************************************************************************



V1 1 0 AC 40 45
V2 4 0 AC 80 45
R1 1 2 20
R2 2 5 10
L 5 0 31.841m
C 2 3 79.61u
R3 3 4 20
.AC LIN 1 50 50
.PRINT AC I(L) IP(L) I(R1) IP(R1) I(R2) IP(R2) I(R3) IP(R3) I(C) IP(C)
.END

**** 04/15/21 14:56:10 *********** Evaluation PSpice (Nov 1999) **************

 Problema 1.3


 ****     SMALL SIGNAL BIAS SOLUTION       TEMPERATURE =   27.000 DEG C


******************************************************************************



 NODE   VOLTAGE     NODE   VOLTAGE     NODE   VOLTAGE     NODE   VOLTAGE


(    1)    0.0000  (    2)    0.0000  (    3)    0.0000  (    4)    0.0000      

(    5)    0.0000  




    VOLTAGE SOURCE CURRENTS
    NAME         CURRENT

    V1           0.000E+00
    V2           0.000E+00

    TOTAL POWER DISSIPATION   0.00E+00  WATTS


**** 04/15/21 14:56:10 *********** Evaluation PSpice (Nov 1999) **************

 Problema 1.3


 ****     AC ANALYSIS                      TEMPERATURE =   27.000 DEG C


******************************************************************************



  FREQ        I(L)        IP(L)       I(R1)       IP(R1)      I(R2)       


   5.000E+01   2.000E+00   4.499E+01   1.414E+00  -1.663E-02   2.000E+00

**** 04/15/21 14:56:10 *********** Evaluation PSpice (Nov 1999) **************

 Problema 1.3


 ****     AC ANALYSIS                      TEMPERATURE =   27.000 DEG C


******************************************************************************



  FREQ        IP(R2)      I(R3)       IP(R3)      I(C)        IP(C)       


   5.000E+01   4.499E+01   1.415E+00  -9.002E+01   1.415E+00  -9.002E+01


          JOB CONCLUDED

          TOTAL JOB TIME             .02
