
**** 04/15/21 14:02:34 *********** Evaluation PSpice (Nov 1999) **************

 Problema 1.2


 ****     CIRCUIT DESCRIPTION


******************************************************************************



V1 5 0 AC 28.28 -90
V2 1 0 AC 20 135
L1 5 4 63.7m
L2 3 0 31.85m
C 4 3 318.47u
R 3 1 10
.AC LIN 1 50 50
.PRINT AC I(L1) IP(L1) I(R) IP(R) I(L2) IP(L2) I(C) IP(C)
.END

**** 04/15/21 14:02:34 *********** Evaluation PSpice (Nov 1999) **************

 Problema 1.2


 ****     SMALL SIGNAL BIAS SOLUTION       TEMPERATURE =   27.000 DEG C


******************************************************************************



 NODE   VOLTAGE     NODE   VOLTAGE     NODE   VOLTAGE     NODE   VOLTAGE


(    1)    0.0000  (    3)    0.0000  (    4)    0.0000  (    5)    0.0000  




    VOLTAGE SOURCE CURRENTS
    NAME         CURRENT

    V1           0.000E+00
    V2           0.000E+00

    TOTAL POWER DISSIPATION   0.00E+00  WATTS


**** 04/15/21 14:02:34 *********** Evaluation PSpice (Nov 1999) **************

 Problema 1.2


 ****     AC ANALYSIS                      TEMPERATURE =   27.000 DEG C


******************************************************************************



  FREQ        I(L1)       IP(L1)      I(R)        IP(R)       I(L2)       


   5.000E+01   1.998E+00  -1.350E+02   2.827E+00  -9.002E+01   1.998E+00

**** 04/15/21 14:02:34 *********** Evaluation PSpice (Nov 1999) **************

 Problema 1.2


 ****     AC ANALYSIS                      TEMPERATURE =   27.000 DEG C


******************************************************************************



  FREQ        IP(L2)      I(C)        IP(C)       


   5.000E+01   1.350E+02   1.998E+00  -1.350E+02


          JOB CONCLUDED

          TOTAL JOB TIME            0.00
