
**** 04/15/21 13:48:25 *********** Evaluation PSpice (Nov 1999) **************

 Problema 1.1


 ****     CIRCUIT DESCRIPTION


******************************************************************************



V1 1 0 AC 20 -45
L1 1 2 31.84M
L2 2 3 95.54M
R 3 4 10
V2 4 0 AC 60 45
C 2 0 159.15u
.AC LIN 1 50 50
.PRINT AC I(L1) IP(L1) I(R) IP(R) I(L2) IP(L2) I(C) IP(C)
.END

**** 04/15/21 13:48:25 *********** Evaluation PSpice (Nov 1999) **************

 Problema 1.1


 ****     SMALL SIGNAL BIAS SOLUTION       TEMPERATURE =   27.000 DEG C


******************************************************************************



 NODE   VOLTAGE     NODE   VOLTAGE     NODE   VOLTAGE     NODE   VOLTAGE


(    1)    0.0000  (    2)    0.0000  (    3)    0.0000  (    4)    0.0000  




    VOLTAGE SOURCE CURRENTS
    NAME         CURRENT

    V1           0.000E+00
    V2           0.000E+00

    TOTAL POWER DISSIPATION   0.00E+00  WATTS


**** 04/15/21 13:48:25 *********** Evaluation PSpice (Nov 1999) **************

 Problema 1.1


 ****     AC ANALYSIS                      TEMPERATURE =   27.000 DEG C


******************************************************************************



  FREQ        I(L1)       IP(L1)      I(R)        IP(R)       I(L2)       


   5.000E+01   2.000E+00   1.350E+02   1.414E+00  -1.800E+02   1.414E+00

**** 04/15/21 13:48:25 *********** Evaluation PSpice (Nov 1999) **************

 Problema 1.1


 ****     AC ANALYSIS                      TEMPERATURE =   27.000 DEG C


******************************************************************************



  FREQ        IP(L2)      I(C)        IP(C)       


   5.000E+01  -1.800E+02   1.415E+00   8.999E+01


          JOB CONCLUDED

          TOTAL JOB TIME            0.00
