
**** 04/29/21 12:42:19 *********** Evaluation PSpice (Nov 1999) **************

 Aflarea conditiilor initiale


 ****     CIRCUIT DESCRIPTION


******************************************************************************



v1 2 1 90
r1 1 0 5
r2 3 0 10
c 2 3 100u
l 3 0 62.5m
.dc lin v1 90 90 1
.print dc v(2,3) i(l)
.end 

**** 04/29/21 12:42:19 *********** Evaluation PSpice (Nov 1999) **************

 Aflarea conditiilor initiale


 ****     DC TRANSFER CURVES               TEMPERATURE =   27.000 DEG C


******************************************************************************



  v1          V(2,3)      I(l)        

   9.000E+01   9.000E+01   0.000E+00




          JOB CONCLUDED

          TOTAL JOB TIME            0.00
