
**** 04/29/21 12:36:40 *********** Evaluation PSpice (Nov 1999) **************

 sursa SFFM


 ****     CIRCUIT DESCRIPTION


******************************************************************************



V 1 0 SFFM(3V 2V 10Hz 5 1Hz)
R 1 0 1
.tran 40ms 4s 0s 4ms
.probe
.end

**** 04/29/21 12:36:40 *********** Evaluation PSpice (Nov 1999) **************

 sursa SFFM


 ****     INITIAL TRANSIENT SOLUTION       TEMPERATURE =   27.000 DEG C


******************************************************************************



 NODE   VOLTAGE     NODE   VOLTAGE     NODE   VOLTAGE     NODE   VOLTAGE


(    1)    3.0000  




    VOLTAGE SOURCE CURRENTS
    NAME         CURRENT

    V           -3.000E+00

    TOTAL POWER DISSIPATION   9.00E+00  WATTS



          JOB CONCLUDED

          TOTAL JOB TIME             .03
