
**** 04/29/21 12:29:07 *********** Evaluation PSpice (Nov 1999) **************

 sursa SIN


 ****     CIRCUIT DESCRIPTION


******************************************************************************



V 1 0 SIN(3V 3V 10Hz 0.5s 5 30)
R 1 0 1
.tran 3ms 1.5s
.probe
.end

**** 04/29/21 12:29:07 *********** Evaluation PSpice (Nov 1999) **************

 sursa SIN


 ****     INITIAL TRANSIENT SOLUTION       TEMPERATURE =   27.000 DEG C


******************************************************************************



 NODE   VOLTAGE     NODE   VOLTAGE     NODE   VOLTAGE     NODE   VOLTAGE


(    1)    4.5000  




    VOLTAGE SOURCE CURRENTS
    NAME         CURRENT

    V           -4.500E+00

    TOTAL POWER DISSIPATION   2.03E+01  WATTS



          JOB CONCLUDED

          TOTAL JOB TIME             .02
