
**** 04/29/21 13:06:48 *********** Evaluation PSpice (Nov 1999) **************

 filtru trece-sus


 ****     CIRCUIT DESCRIPTION


******************************************************************************



vin 1 0 ac 1v pwl(0,0 0.2ms,0V 0.2001ms,1V 1ms, 1V)
R1 2 0 10
C1 1 2 15uF
.AC DEC 100 1Hz 100kHz
.tran 0.01ms 1ms
.probe
.end

**** 04/29/21 13:06:48 *********** Evaluation PSpice (Nov 1999) **************

 filtru trece-sus


 ****     SMALL SIGNAL BIAS SOLUTION       TEMPERATURE =   27.000 DEG C


******************************************************************************



 NODE   VOLTAGE     NODE   VOLTAGE     NODE   VOLTAGE     NODE   VOLTAGE


(    1)    0.0000  (    2)    0.0000  




    VOLTAGE SOURCE CURRENTS
    NAME         CURRENT

    vin          0.000E+00

    TOTAL POWER DISSIPATION   0.00E+00  WATTS


**** 04/29/21 13:06:48 *********** Evaluation PSpice (Nov 1999) **************

 filtru trece-sus


 ****     INITIAL TRANSIENT SOLUTION       TEMPERATURE =   27.000 DEG C


******************************************************************************



 NODE   VOLTAGE     NODE   VOLTAGE     NODE   VOLTAGE     NODE   VOLTAGE


(    1)    0.0000  (    2)    0.0000  




    VOLTAGE SOURCE CURRENTS
    NAME         CURRENT

    vin          0.000E+00

    TOTAL POWER DISSIPATION   0.00E+00  WATTS



          JOB CONCLUDED

          TOTAL JOB TIME             .02
