
**** 04/29/21 12:59:06 *********** Evaluation PSpice (Nov 1999) **************

 circuit R-L serie


 ****     CIRCUIT DESCRIPTION


******************************************************************************



Vin 1 0 AC 1V
R1 1 2 10
L1 2 0 10mH
.AC LIN 1 100Hz 100Hz
.print ac I(R1) IP(R1)
.end

**** 04/29/21 12:59:06 *********** Evaluation PSpice (Nov 1999) **************

 circuit R-L serie


 ****     SMALL SIGNAL BIAS SOLUTION       TEMPERATURE =   27.000 DEG C


******************************************************************************



 NODE   VOLTAGE     NODE   VOLTAGE     NODE   VOLTAGE     NODE   VOLTAGE


(    1)    0.0000  (    2)    0.0000  




    VOLTAGE SOURCE CURRENTS
    NAME         CURRENT

    Vin          0.000E+00

    TOTAL POWER DISSIPATION   0.00E+00  WATTS


**** 04/29/21 12:59:06 *********** Evaluation PSpice (Nov 1999) **************

 circuit R-L serie


 ****     AC ANALYSIS                      TEMPERATURE =   27.000 DEG C


******************************************************************************



  FREQ        I(R1)       IP(R1)      


   1.000E+02   8.467E-02  -3.214E+01


          JOB CONCLUDED

          TOTAL JOB TIME            0.00
