
**** 03/20/21 19:15:33 *********** Evaluation PSpice (Nov 1999) **************

 simulare b)


 ****     CIRCUIT DESCRIPTION


******************************************************************************



V1 2 1 12
V2 2 3 24
R1 1 0 2
R2 3 4 8
R3 2 5 4
R4 4 5 4
R5 5 0 3
I1 0 4 3
.dc V1 12 12 1
.print dc I(R1) I(R2) I(R3) I(R4) I(R5) V(I1)
.end

**** 03/20/21 19:15:33 *********** Evaluation PSpice (Nov 1999) **************

 simulare b)


 ****     DC TRANSFER CURVES               TEMPERATURE =   27.000 DEG C


******************************************************************************



  V1          I(R1)       I(R2)       I(R3)       I(R4)       I(R5)       

   1.200E+01   7.500E-01  -2.438E+00   1.688E+00   5.625E-01   2.250E+00



**** 03/20/21 19:15:33 *********** Evaluation PSpice (Nov 1999) **************

 simulare b)


 ****     DC TRANSFER CURVES               TEMPERATURE =   27.000 DEG C


******************************************************************************



  V1          V(I1)       

   1.200E+01  -9.000E+00




          JOB CONCLUDED

          TOTAL JOB TIME            0.00
