
**** 03/18/21 12:58:43 *********** Evaluation PSpice (Nov 1999) **************

 tema1


 ****     CIRCUIT DESCRIPTION


******************************************************************************



V1 3 5 90
V2 0 5 50
V3 1 0 30
I1 3 4 6
R1 2 3 25
R2 4 5 12
R3 1 2 20
R4 2 5 10
R5 4 0 10
.dc V3 30 30 1
.print dc I(R1) I(R2) I(R3) I(R4) I(R5) V(4,3) I(V2) I(V2) V(3) V(2) V(0) V(4) V(5)
.end

**** 03/18/21 12:58:43 *********** Evaluation PSpice (Nov 1999) **************

 tema1


 ****     DC TRANSFER CURVES               TEMPERATURE =   27.000 DEG C


******************************************************************************



  V3          I(R1)       I(R2)       I(R3)       I(R4)       I(R5)       

   3.000E+01  -2.000E+00   5.000E+00   2.000E+00   4.000E+00   1.000E+00



**** 03/18/21 12:58:43 *********** Evaluation PSpice (Nov 1999) **************

 tema1


 ****     DC TRANSFER CURVES               TEMPERATURE =   27.000 DEG C


******************************************************************************



  V3          V(4,3)      I(V2)       I(V2)       V(3)        V(2)        

   3.000E+01  -3.000E+01  -1.000E+00  -1.000E+00   4.000E+01  -1.000E+01



**** 03/18/21 12:58:43 *********** Evaluation PSpice (Nov 1999) **************

 tema1


 ****     DC TRANSFER CURVES               TEMPERATURE =   27.000 DEG C


******************************************************************************



  V3          V(0)        V(4)        V(5)        

   3.000E+01   0.000E+00   1.000E+01  -5.000E+01




          JOB CONCLUDED

          TOTAL JOB TIME            0.00
