
**** 04/01/21 13:42:47 *********** Evaluation PSpice (Nov 1999) **************

 Circuit cu STCC


 ****     CIRCUIT DESCRIPTION


******************************************************************************



R1 1 2 2
R2 2 4 1
R3 2 3 4
R5 5 0 2
V1 1 0 12
V3 5 3 4
I4 2 0 4
H2 4 5 V1 -2
.DC V1 12 12 1
.PRINT DC I(R1) I(R2) I(R3) I(R5) V(I4)
.END

**** 04/01/21 13:42:47 *********** Evaluation PSpice (Nov 1999) **************

 Circuit cu STCC


 ****     DC TRANSFER CURVES               TEMPERATURE =   27.000 DEG C


******************************************************************************



  V1          I(R1)       I(R2)       I(R3)       I(R5)       V(I4)       

   1.200E+01   3.750E+00  -2.500E+00   2.250E+00  -2.500E-01   4.500E+00




          JOB CONCLUDED

          TOTAL JOB TIME            0.00
