
**** 04/01/21 16:24:55 *********** Evaluation PSpice (Nov 1999) **************

 subpunctul c


 ****     CIRCUIT DESCRIPTION


******************************************************************************



R1 3 2 2
R2 4 0 2
R3 0 3 2
R4 0 1 2
V1 1 2 12
V2 3 4 6
G_curent 0 1 3 2 1
.DC V1 12 12 1
.PRINT DC I(R1) I(R2) I(R3) I(R4) V(G_curent)
.END

**** 04/01/21 16:24:55 *********** Evaluation PSpice (Nov 1999) **************

 subpunctul c


 ****     DC TRANSFER CURVES               TEMPERATURE =   27.000 DEG C


******************************************************************************



  V1          I(R1)       I(R2)       I(R3)       I(R4)       V(G_curent) 

   1.200E+01   1.667E+00  -2.333E+00  -6.667E-01  -5.000E+00  -1.000E+01




          JOB CONCLUDED

          TOTAL JOB TIME            0.00
